<?xml version="1.0" encoding="UTF-8"?>
<!-- Generated by org.testng.reporters.JUnitXMLReporter -->
<testsuite ignored="0" hostname="DESKTOP-654MNJS" failures="0" tests="22" name="Surefire test" time="18.851" errors="0" timestamp="2025-02-18T00:27:24 PKT">
  <testcase classname="OrangeHRMwebsitePractice.ParamTest" name="@BeforeClass setup" time="-1.739820443971E9">
    <failure type="org.testng.TestNGException" message="
Parameter &amp;apos;browser&amp;apos; is required by BeforeClass on method setup but has not been marked @Optional or defined
">
      <![CDATA[org.testng.TestNGException: 
Parameter 'browser' is required by BeforeClass on method setup but has not been marked @Optional or defined

at java.base/java.util.ArrayList.forEach(ArrayList.java:1597)
... Removed 27 stack frames]]>
    </failure>
  </testcase> <!-- @BeforeClass setup -->
  <testcase classname="OrangeHRMwebsitePractice.ParamTest" name="@AfterClass close" time="0.0">
    <skipped/>
  </testcase> <!-- @AfterClass close -->
  <testcase classname="OrangeHRMwebsitePractice.firstTestCase" name="openApp" time="12.67"/>
  <testcase classname="OrangeHRMwebsitePractice.firstTestCase" name="checkLogo" time="3.198"/>
  <testcase classname="OrangeHRMwebsitePractice.firstTestCase" name="login" time="2.401"/>
  <testcase classname="OrangeHRMwebsitePractice.firstTestCase" name="logout" time="0.314"/>
  <testcase classname="OrangeHRMwebsitePractice.LoginTests" name="LoginWithEmail" time="0.0"/>
  <testcase classname="OrangeHRMwebsitePractice.LoginTests" name="LoginWithGoogle" time="0.0"/>
  <testcase classname="OrangeHRMwebsitePractice.LoginTests" name="LoginWithFacebook" time="0.007"/>
  <testcase classname="OrangeHRMwebsitePractice.LoginTests" name="LoginWithInstagram" time="0.004"/>
  <testcase classname="OrangeHRMwebsitePractice.ParamTest" name="testLogo" time="0.0">
    <skipped/>
  </testcase> <!-- testLogo -->
  <testcase classname="OrangeHRMwebsitePractice.ParamTest" name="testUrl" time="0.0">
    <skipped/>
  </testcase> <!-- testUrl -->
  <testcase classname="OrangeHRMwebsitePractice.ParamTest" name="testTitle" time="0.0">
    <skipped/>
  </testcase> <!-- testTitle -->
  <testcase classname="OrangeHRMwebsitePractice.PaymentTests" name="PaymentWithEmail" time="0.002"/>
  <testcase classname="OrangeHRMwebsitePractice.PaymentTests" name="PaymentWithGoogle" time="0.0"/>
  <testcase classname="OrangeHRMwebsitePractice.PaymentTests" name="PaymentWithFacebook" time="0.0"/>
  <testcase classname="OrangeHRMwebsitePractice.PaymentTests" name="PaymentWithInstagram" time="0.0"/>
  <testcase classname="OrangeHRMwebsitePractice.SignUpTests" name="SignUpWithEmail" time="0.0"/>
  <testcase classname="OrangeHRMwebsitePractice.SignUpTests" name="SignUpWithGoogle" time="0.0"/>
  <testcase classname="OrangeHRMwebsitePractice.SignUpTests" name="SignUpWithFacebook" time="0.0"/>
  <testcase classname="OrangeHRMwebsitePractice.SignUpTests" name="SignUpWithInstagram" time="0.0"/>
  <testcase classname="TestNg.firstTestCase" name="openApp" time="0.0"/>
  <testcase classname="TestNg.firstTestCase" name="login" time="0.0"/>
  <testcase classname="TestNg.firstTestCase" name="logout" time="0.0"/>
</testsuite> <!-- Surefire test -->
