-------------------------------------------------------------------------------
Test set: TestSuite
-------------------------------------------------------------------------------
Tests run: 24, Failures: 1, Errors: 0, Skipped: 4, Time elapsed: 20.645 s <<< FAILURE! - in TestSuite
setup(OrangeHRMwebsitePractice.ParamTest)  Time elapsed: 0.033 s  <<< FAILURE!
org.testng.TestNGException: 

Parameter 'browser' is required by BeforeClass on method setup but has not been marked @Optional or defined


